#
# There is insufficient memory for the Java Runtime Environment to continue.
# Native memory allocation (mmap) failed to map 260046848 bytes for G1 virtual space
# Possible reasons:
#   The system is out of physical RAM or swap space
#   The process is running with CompressedOops enabled, and the Java Heap may be blocking the growth of the native heap
# Possible solutions:
#   Reduce memory load on the system
#   Increase physical memory or swap space
#   Check if swap backing store is full
#   Decrease Java heap size (-Xmx/-Xms)
#   Decrease number of Java threads
#   Decrease Java thread stack sizes (-Xss)
#   Set larger code cache with -XX:ReservedCodeCacheSize=
#   JVM is running with Zero Based Compressed Oops mode in which the Java heap is
#     placed in the first 32GB address space. The Java Heap base address is the
#     maximum limit for the native heap growth. Please use -XX:HeapBaseMinAddress
#     to set the Java Heap base and to place the Java Heap above 32GB virtual address.
# This output file may be truncated or incomplete.
#
#  Out of Memory Error (os_windows.cpp:3548), pid=5572, tid=34608
#
# JRE version:  (17.0.12+8) (build )
# Java VM: Java HotSpot(TM) 64-Bit Server VM (17.0.12+8-LTS-286, mixed mode, sharing, tiered, compressed oops, compressed class ptrs, g1 gc, windows-amd64)
# No core dump will be written. Minidumps are not enabled by default on client versions of Windows
#

---------------  S U M M A R Y ------------

Command Line: -javaagent:F:\idea\IntelliJ IDEA Community Edition 2025.1.4.1\lib\idea_rt.jar=52655 -Dfile.encoding=UTF-8 com.darkthor.treading.TreadingApplication

Host: AMD Ryzen 5 5600H with Radeon Graphics         , 12 cores, 15G,  Windows 11 , 64 bit Build 26100 (10.0.26100.5074)
Time: Fri Sep 19 22:19:25 2025 India Standard Time elapsed time: 2.039775 seconds (0d 0h 0m 2s)

---------------  T H R E A D  ---------------

Current thread (0x000002d81ce94830):  JavaThread "Unknown thread" [_thread_in_vm, id=34608, stack(0x000000f72b100000,0x000000f72b200000)]

Stack: [0x000000f72b100000,0x000000f72b200000]
Native frames: (J=compiled Java code, j=interpreted, Vv=VM code, C=native code)
V  [jvm.dll+0x67a04a]
V  [jvm.dll+0x7da4ed]
V  [jvm.dll+0x7dbe33]
V  [jvm.dll+0x7dc4a3]
V  [jvm.dll+0x24508f]
V  [jvm.dll+0x677089]
V  [jvm.dll+0x66bd32]
V  [jvm.dll+0x301fa6]
V  [jvm.dll+0x309546]
V  [jvm.dll+0x359d2e]
V  [jvm.dll+0x359f5f]
V  [jvm.dll+0x2d9078]
V  [jvm.dll+0x2d9fe4]
V  [jvm.dll+0x7aca21]
V  [jvm.dll+0x367591]
V  [jvm.dll+0x78b999]
V  [jvm.dll+0x3ec83f]
V  [jvm.dll+0x3ee471]
C  [jli.dll+0x5297]
C  [ucrtbase.dll+0x37b0]
C  [KERNEL32.DLL+0x2e8d7]
C  [ntdll.dll+0x8d9c]


---------------  P R O C E S S  ---------------

Threads class SMR info:
_java_thread_list=0x00007ffb38d57a18, length=0, elements={
}

Java Threads: ( => current thread )

Other Threads:
  0x000002d81cef7ad0 GCTaskThread "GC Thread#0" [stack: 0x000000f72b200000,0x000000f72b300000] [id=33060]
  0x000002d81cf080d0 ConcurrentGCThread "G1 Main Marker" [stack: 0x000000f72b300000,0x000000f72b400000] [id=19724]
  0x000002d81cf09650 ConcurrentGCThread "G1 Conc#0" [stack: 0x000000f72b400000,0x000000f72b500000] [id=25724]

[error occurred during error reporting (printing all threads), id 0xc0000005, EXCEPTION_ACCESS_VIOLATION (0xc0000005) at pc=0x00007ffb38589b67]

VM state: not at safepoint (not fully initialized)

VM Mutex/Monitor currently owned by a thread:  ([mutex/lock_event])
[0x000002d81ce8fee0] Heap_lock - owner thread: 0x000002d81ce94830

Heap address: 0x0000000709c00000, size: 3940 MB, Compressed Oops mode: Zero based, Oop shift amount: 3

CDS archive(s) mapped at: [0x0000000000000000-0x0000000000000000-0x0000000000000000), size 0, SharedBaseAddress: 0x0000000800000000, ArchiveRelocationMode: 1.
Narrow klass base: 0x0000000000000000, Narrow klass shift: 0, Narrow klass range: 0x0

GC Precious Log:
<Empty>

Heap:
 garbage-first heap   total 0K, used 0K [0x0000000709c00000, 0x0000000800000000)
  region size 2048K, 0 young (0K), 0 survivors (0K)

[error occurred during error reporting (printing heap information), id 0xc0000005, EXCEPTION_ACCESS_VIOLATION (0xc0000005) at pc=0x00007ffb38973859]

GC Heap History (0 events):
No events

Deoptimization events (0 events):
No events

Classes unloaded (0 events):
No events

Classes redefined (0 events):
No events

Internal exceptions (0 events):
No events

VM Operations (0 events):
No events

Events (1 events):
Event: 0.013 Loaded shared library C:\Program Files\Java\jdk-17\bin\java.dll


Dynamic libraries:
0x00007ff621120000 - 0x00007ff621130000 	C:\Program Files\Java\jdk-17\bin\java.exe
0x00007ffb72500000 - 0x00007ffb72769000 	C:\WINDOWS\SYSTEM32\ntdll.dll
0x00007ffb70690000 - 0x00007ffb70759000 	C:\WINDOWS\System32\KERNEL32.DLL
0x00007ffb6fa80000 - 0x00007ffb6fe73000 	C:\WINDOWS\System32\KERNELBASE.dll
0x00007ffb6f7c0000 - 0x00007ffb6f90b000 	C:\WINDOWS\System32\ucrtbase.dll
0x00007ffb5de30000 - 0x00007ffb5de4b000 	C:\Program Files\Java\jdk-17\bin\VCRUNTIME140.dll
0x00007ffb5e810000 - 0x00007ffb5e829000 	C:\Program Files\Java\jdk-17\bin\jli.dll
0x00007ffb70ae0000 - 0x00007ffb70b94000 	C:\WINDOWS\System32\ADVAPI32.dll
0x00007ffb711c0000 - 0x00007ffb71269000 	C:\WINDOWS\System32\msvcrt.dll
0x00007ffb70460000 - 0x00007ffb70506000 	C:\WINDOWS\System32\sechost.dll
0x00007ffb723a0000 - 0x00007ffb724b8000 	C:\WINDOWS\System32\RPCRT4.dll
0x00007ffb70e10000 - 0x00007ffb70fd4000 	C:\WINDOWS\System32\USER32.dll
0x00007ffb52390000 - 0x00007ffb52623000 	C:\WINDOWS\WinSxS\amd64_microsoft.windows.common-controls_6595b64144ccf1df_6.0.26100.5074_none_3e0d6f78e32fd63f\COMCTL32.dll
0x00007ffb70090000 - 0x00007ffb700b7000 	C:\WINDOWS\System32\win32u.dll
0x00007ffb70a80000 - 0x00007ffb70aab000 	C:\WINDOWS\System32\GDI32.dll
0x00007ffb6f690000 - 0x00007ffb6f7bd000 	C:\WINDOWS\System32\gdi32full.dll
0x00007ffb6f910000 - 0x00007ffb6f9b3000 	C:\WINDOWS\System32\msvcp_win.dll
0x00007ffb684b0000 - 0x00007ffb684bb000 	C:\WINDOWS\SYSTEM32\VERSION.dll
0x00007ffb70390000 - 0x00007ffb703bf000 	C:\WINDOWS\System32\IMM32.DLL
0x00007ffb6c4a0000 - 0x00007ffb6c4ac000 	C:\Program Files\Java\jdk-17\bin\vcruntime140_1.dll
0x00007ffb5c940000 - 0x00007ffb5c9ce000 	C:\Program Files\Java\jdk-17\bin\msvcp140.dll
0x00007ffb382a0000 - 0x00007ffb38e80000 	C:\Program Files\Java\jdk-17\bin\server\jvm.dll
0x00007ffb70ca0000 - 0x00007ffb70ca8000 	C:\WINDOWS\System32\PSAPI.DLL
0x00007ffb67e20000 - 0x00007ffb67e55000 	C:\WINDOWS\SYSTEM32\WINMM.dll
0x00007ffb617f0000 - 0x00007ffb617fa000 	C:\WINDOWS\SYSTEM32\WSOCK32.dll
0x00007ffb703e0000 - 0x00007ffb70454000 	C:\WINDOWS\System32\WS2_32.dll
0x00007ffb6e440000 - 0x00007ffb6e45b000 	C:\WINDOWS\SYSTEM32\kernel.appcore.dll
0x00007ffb69090000 - 0x00007ffb6909a000 	C:\Program Files\Java\jdk-17\bin\jimage.dll
0x00007ffb62530000 - 0x00007ffb62772000 	C:\WINDOWS\SYSTEM32\DBGHELP.DLL
0x00007ffb72000000 - 0x00007ffb7237b000 	C:\WINDOWS\System32\combase.dll
0x00007ffb71280000 - 0x00007ffb71357000 	C:\WINDOWS\System32\OLEAUT32.dll
0x00007ffb61860000 - 0x00007ffb6189d000 	C:\WINDOWS\SYSTEM32\dbgcore.DLL
0x00007ffb70230000 - 0x00007ffb702c9000 	C:\WINDOWS\System32\bcryptPrimitives.dll
0x00007ffb60f30000 - 0x00007ffb60f3e000 	C:\Program Files\Java\jdk-17\bin\instrument.dll
0x00007ffb5dd00000 - 0x00007ffb5dd25000 	C:\Program Files\Java\jdk-17\bin\java.dll

dbghelp: loaded successfully - version: 4.0.5 - missing functions: none
symbol engine: initialized successfully - sym options: 0x614 - pdb path: .;C:\Program Files\Java\jdk-17\bin;C:\WINDOWS\SYSTEM32;C:\WINDOWS\WinSxS\amd64_microsoft.windows.common-controls_6595b64144ccf1df_6.0.26100.5074_none_3e0d6f78e32fd63f;C:\Program Files\Java\jdk-17\bin\server

VM Arguments:
jvm_args: -javaagent:F:\idea\IntelliJ IDEA Community Edition 2025.1.4.1\lib\idea_rt.jar=52655 -Dfile.encoding=UTF-8 
java_command: com.darkthor.treading.TreadingApplication
java_class_path (initial): C:\Users\negir\OneDrive\Desktop\trading\Backend\treading\target\classes;C:\Users\negir\.m2\repository\org\springframework\boot\spring-boot-starter-data-jpa\3.5.5\spring-boot-starter-data-jpa-3.5.5.jar;C:\Users\negir\.m2\repository\org\springframework\boot\spring-boot-starter\3.5.5\spring-boot-starter-3.5.5.jar;C:\Users\negir\.m2\repository\org\springframework\boot\spring-boot-starter-logging\3.5.5\spring-boot-starter-logging-3.5.5.jar;C:\Users\negir\.m2\repository\ch\qos\logback\logback-classic\1.5.18\logback-classic-1.5.18.jar;C:\Users\negir\.m2\repository\ch\qos\logback\logback-core\1.5.18\logback-core-1.5.18.jar;C:\Users\negir\.m2\repository\org\apache\logging\log4j\log4j-to-slf4j\2.24.3\log4j-to-slf4j-2.24.3.jar;C:\Users\negir\.m2\repository\org\apache\logging\log4j\log4j-api\2.24.3\log4j-api-2.24.3.jar;C:\Users\negir\.m2\repository\org\slf4j\jul-to-slf4j\2.0.17\jul-to-slf4j-2.0.17.jar;C:\Users\negir\.m2\repository\jakarta\annotation\jakarta.annotation-api\2.1.1\jakarta.annotation-api-2.1.1.jar;C:\Users\negir\.m2\repository\org\yaml\snakeyaml\2.4\snakeyaml-2.4.jar;C:\Users\negir\.m2\repository\org\springframework\boot\spring-boot-starter-jdbc\3.5.5\spring-boot-starter-jdbc-3.5.5.jar;C:\Users\negir\.m2\repository\com\zaxxer\HikariCP\6.3.2\HikariCP-6.3.2.jar;C:\Users\negir\.m2\repository\org\springframework\spring-jdbc\6.2.10\spring-jdbc-6.2.10.jar;C:\Users\negir\.m2\repository\org\hibernate\orm\hibernate-core\6.6.26.Final\hibernate-core-6.6.26.Final.jar;C:\Users\negir\.m2\repository\jakarta\persistence\jakarta.persistence-api\3.1.0\jakarta.persistence-api-3.1.0.jar;C:\Users\negir\.m2\repository\jakarta\transaction\jakarta.transaction-api\2.0.1\jakarta.transaction-api-2.0.1.jar;C:\Users\negir\.m2\repository\org\jboss\logging\jboss-logging\3.6.1.Final\jboss-logging-3.6.1.Final.jar;C:\Users\negir\.m2\repository\org\hibernate\common\hibernate-commons-annotations\7.0.3.Final\hibernate-commons-annotations-7.0.3.Final.jar;C:\Users\negir\.m2\
Launcher Type: SUN_STANDARD

[Global flags]
     intx CICompilerCount                          = 4                                         {product} {ergonomic}
     uint ConcGCThreads                            = 3                                         {product} {ergonomic}
     uint G1ConcRefinementThreads                  = 10                                        {product} {ergonomic}
   size_t G1HeapRegionSize                         = 2097152                                   {product} {ergonomic}
    uintx GCDrainStackTargetSize                   = 64                                        {product} {ergonomic}
   size_t InitialHeapSize                          = 260046848                                 {product} {ergonomic}
   size_t MarkStackSize                            = 4194304                                   {product} {ergonomic}
   size_t MaxHeapSize                              = 4131389440                                {product} {ergonomic}
   size_t MinHeapDeltaBytes                        = 2097152                                   {product} {ergonomic}
   size_t MinHeapSize                              = 8388608                                   {product} {ergonomic}
    uintx NonNMethodCodeHeapSize                   = 5839372                                {pd product} {ergonomic}
    uintx NonProfiledCodeHeapSize                  = 122909434                              {pd product} {ergonomic}
    uintx ProfiledCodeHeapSize                     = 122909434                              {pd product} {ergonomic}
    uintx ReservedCodeCacheSize                    = 251658240                              {pd product} {ergonomic}
     bool SegmentedCodeCache                       = true                                      {product} {ergonomic}
   size_t SoftMaxHeapSize                          = 4131389440                             {manageable} {ergonomic}
     bool UseCompressedClassPointers               = true                           {product lp64_product} {ergonomic}
     bool UseCompressedOops                        = true                           {product lp64_product} {ergonomic}
     bool UseG1GC                                  = true                                      {product} {ergonomic}
     bool UseLargePagesIndividualAllocation        = false                                  {pd product} {ergonomic}

Logging:
Log output configuration:
 #0: stdout all=warning uptime,level,tags
 #1: stderr all=off uptime,level,tags

Environment Variables:
JAVA_HOME=C:\Program Files\Java\jdk-17
PATH=C:\spark-3.5.6\bin\bin;C:\Program Files\Java\jdk-17\bin;C:\Program Files\Common Files\Oracle\Java\javapath;C:\WINDOWS\system32;C:\WINDOWS;C:\WINDOWS\System32\Wbem;C:\WINDOWS\System32\WindowsPowerShell\v1.0\;C:\WINDOWS\System32\OpenSSH\;C:\Program Files\MySQL\MySQL Server 8.0\bin;C:\Program Files\Java\jdk-21\bin;C:\Program Files\apache-maven-3.9.5;C:\Program Files\Maven\apache-maven-3.9.5\bin;C:\Program Files\Git\cmd;C:\Program Files\nodejs\;C:\Program Files (x86)\Microsoft SQL Server\160\Tools\Binn\;C:\Program Files\Microsoft SQL Server\160\Tools\Binn\;C:\Program Files\Microsoft SQL Server\Client SDK\ODBC\170\Tools\Binn\;C:\Program Files\Microsoft SQL Server\160\DTS\Binn\;C:\Program Files (x86)\Microsoft SQL Server\160\DTS\Binn\;C:\Program Files\Go\bin;C:\Users\negir\AppData\Local\Programs\Python\Python311\Scripts\;C:\Program Files\apache-maven-3.9.10\bin;C:\hadoop\bin;C:\Program Files\PuTTY\;C:\Program Files\Docker\Docker\resources\bin;C:\Program Files\apache-maven-3.9.10;C:\Users\negir\AppData\Local\Programs\Python\Launcher\;C:\Program Files\Java\jdk-22\bin;C:\spark-3.5.6\bin;C:\Users\negir\.cargo\bin;C:\Program Files\MySQL\MySQL Shell 8.0\bin\;C:\Users\negir\AppData\Local\Microsoft\WindowsApps;C:\Program Files\JetBrains\IntelliJ IDEA Community Edition 2024.2.2\bin;C:\Users\negir\AppData\Local\Programs\Microsoft VS Code\bin;C:\Users\negir\AppData\Roaming\npm;C:\Users\negir\go\bin;C:\Users\negir\AppData\Local\Coursier\data\bin;C:\Users\negir\AppData\Local\Microsoft\WinGet\Packages\Google.Protobuf_Microsoft.Winget.Source_8wekyb3d8bbwe\bin;F:\idea\IntelliJ IDEA Community Edition 2025.1.4.1\bin;C:\Program Files (x86)\Nmap;C:\Program Files\JetBrains\PyCharm 2025.2.0.1\bin
USERNAME=negir
OS=Windows_NT
PROCESSOR_IDENTIFIER=AMD64 Family 25 Model 80 Stepping 0, AuthenticAMD



---------------  S Y S T E M  ---------------

OS:
 Windows 11 , 64 bit Build 26100 (10.0.26100.5074)
OS uptime: 5 days 0:11 hours
Hyper-V role detected

CPU: total 12 (initial active 12) (12 cores per cpu, 2 threads per core) family 25 model 80 stepping 0 microcode 0xa50000c, cx8, cmov, fxsr, ht, mmx, 3dnowpref, sse, sse2, sse3, ssse3, sse4a, sse4.1, sse4.2, popcnt, lzcnt, tsc, tscinvbit, avx, avx2, aes, erms, clmul, bmi1, bmi2, adx, sha, fma, vzeroupper, clflush, clflushopt, hv

Memory: 4k page, system-wide physical 15752M (772M free)
TotalPageFile size 42779M (AvailPageFile size 180M)
current process WorkingSet (physical memory assigned to process): 12M, peak: 12M
current process commit charge ("private bytes"): 64M, peak: 312M

vm_info: Java HotSpot(TM) 64-Bit Server VM (17.0.12+8-LTS-286) for windows-amd64 JRE (17.0.12+8-LTS-286), built on Jun  5 2024 06:46:59 by "mach5one" with MS VC++ 17.6 (VS2022)

END.
